<?xml version="1.0" encoding="UTF-8"?>
<testsuite name="TestFunctions" tests="1" skipped="0" failures="0" errors="0" timestamp="2018-10-23T22:34:41" hostname="Nicks-MacBook-Pro.local" time="0.024">
  <properties/>
  <testcase name="collection" classname="TestFunctions" time="0.024"/>
  <system-out><![CDATA[]]></system-out>
  <system-err><![CDATA[]]></system-err>
</testsuite>
