<?xml version="1.0" encoding="UTF-8"?>
<testsuite name="TestStart" tests="1" skipped="0" failures="0" errors="0" timestamp="2018-10-23T22:20:02" hostname="Nicks-MacBook-Pro.local" time="0.007">
  <properties/>
  <testcase name="testOk" classname="TestStart" time="0.007"/>
  <system-out><![CDATA[]]></system-out>
  <system-err><![CDATA[]]></system-err>
</testsuite>
