<?xml version="1.0" encoding="UTF-8"?>
<testsuite name="TestObjectExpressions" tests="1" skipped="0" failures="0" errors="0" timestamp="2018-10-24T00:20:14" hostname="Nicks-MacBook-Pro.local" time="0.035">
  <properties/>
  <testcase name="testSort" classname="TestObjectExpressions" time="0.035"/>
  <system-out><![CDATA[]]></system-out>
  <system-err><![CDATA[]]></system-err>
</testsuite>
